make: Entering directory '/home/james/Projects/doanhtu.com'
echo 'Makefile for a pelican Web site                                           '
echo '                                                                          '
echo 'Usage:                                                                    '
echo '   make html                           (re)generate the web site          '
echo '   make clean                          remove the generated files         '
echo '   make regenerate                     regenerate files upon modification '
echo '   make publish                        generate using production settings '
echo '   make serve [PORT=8000]              serve site at http://localhost:8000'
echo '   make serve-global [SERVER=0.0.0.0]  serve (as root) to :80    '
echo '   make devserver [PORT=8000]          start/restart develop_server.sh    '
echo '   make stopserver                     stop local server                  '
echo '   make ssh_upload                     upload the web site via SSH        '
echo '   make rsync_upload                   upload the web site via rsync+ssh  '
echo '   make dropbox_upload                 upload the web site via Dropbox    '
echo '   make ftp_upload                     upload the web site via FTP        '
echo '   make s3_upload                      upload the web site via S3         '
echo '   make cf_upload                      upload the web site via Cloud Files'
echo '   make github                         upload the web site via gh-pages   '
echo '                                                                          '
echo 'Set the DEBUG variable to 1 to enable debugging, e.g. make DEBUG=1 html   '
echo 'Set the RELATIVE variable to 1 to enable relative urls                    '
echo '                                                                          '
make: Leaving directory '/home/james/Projects/doanhtu.com'
 
